<?xml version="1.0" encoding="UTF-8"?>
<!-- Generated by org.testng.reporters.JUnitReportReporter -->
<testsuite hostname="HIBACL55559" name="com.API.tests.FetchDifferentPartsOfTheResponse" tests="1" failures="0" timestamp="15 Feb 2021 03:36:14 GMT" time="4.226" errors="0">
  <testcase name="getResponse" time="4.226" classname="com.API.tests.FetchDifferentPartsOfTheResponse"/>
</testsuite> <!-- com.API.tests.FetchDifferentPartsOfTheResponse -->
