<?xml version="1.0" encoding="UTF-8"?>
<!-- Generated by org.testng.reporters.JUnitReportReporter -->
<testsuite hostname="HIBACL55559" name="com.API.tests.RestAssuredOpenWeatherMapAPI" tests="1" failures="0" timestamp="12 Feb 2021 14:39:16 GMT" time="4.156" errors="0">
  <testcase name="getResponse" time="4.156" classname="com.API.tests.RestAssuredOpenWeatherMapAPI"/>
</testsuite> <!-- com.API.tests.RestAssuredOpenWeatherMapAPI -->
