<?xml version="1.0" encoding="UTF-8"?>
<!-- Generated by org.testng.reporters.JUnitReportReporter -->
<testsuite hostname="HIBACL55559" name="com.API.call.ApiCallByCityName" tests="17" failures="0" timestamp="15 Feb 2021 06:27:27 GMT" time="11.719" errors="0">
  <testcase name="getResponseTime" time="0.135" classname="com.API.call.ApiCallByCityName"/>
  <testcase name="getResponseBody" time="0.246" classname="com.API.call.ApiCallByCityName"/>
  <testcase name="getResponseBody" time="0.242" classname="com.API.call.ApiCallByCityName"/>
  <testcase name="getResponseBody" time="0.306" classname="com.API.call.ApiCallByCityName"/>
  <testcase name="getResponseStatus" time="0.242" classname="com.API.call.ApiCallByCityName"/>
  <testcase name="getResponseStatus" time="0.220" classname="com.API.call.ApiCallByCityName"/>
  <testcase name="getResponseBody" time="0.258" classname="com.API.call.ApiCallByCityName"/>
  <testcase name="getResponseStatus" time="0.238" classname="com.API.call.ApiCallByCityName"/>
  <testcase name="getResponseContentType" time="0.271" classname="com.API.call.ApiCallByCityName"/>
  <testcase name="getResponseStatus" time="0.265" classname="com.API.call.ApiCallByCityName"/>
  <testcase name="getResponseBody" time="0.269" classname="com.API.call.ApiCallByCityName"/>
  <testcase name="getResponseStatus" time="3.259" classname="com.API.call.ApiCallByCityName"/>
  <testcase name="getResponseHeaders" time="0.313" classname="com.API.call.ApiCallByCityName"/>
  <testcase name="getResponseStatus" time="0.244" classname="com.API.call.ApiCallByCityName"/>
  <testcase name="getResponseBody" time="4.566" classname="com.API.call.ApiCallByCityName"/>
  <testcase name="getResponseBody" time="0.348" classname="com.API.call.ApiCallByCityName"/>
  <testcase name="getResponseStatus" time="0.297" classname="com.API.call.ApiCallByCityName"/>
</testsuite> <!-- com.API.call.ApiCallByCityName -->
