<?xml version="1.0" encoding="UTF-8"?>
<!-- Generated by org.testng.reporters.JUnitReportReporter -->
<testsuite hostname="HIBACL55559" name="com.API.CallCurrentWeatherData.CallByCityName" tests="17" failures="0" timestamp="15 Feb 2021 07:47:10 GMT" time="7.209" errors="0">
  <testcase name="getResponseTime" time="0.111" classname="com.API.CallCurrentWeatherData.CallByCityName"/>
  <testcase name="getResponseBody" time="0.269" classname="com.API.CallCurrentWeatherData.CallByCityName"/>
  <testcase name="getResponseBody" time="0.271" classname="com.API.CallCurrentWeatherData.CallByCityName"/>
  <testcase name="getResponseBody" time="0.267" classname="com.API.CallCurrentWeatherData.CallByCityName"/>
  <testcase name="getResponseStatus" time="0.225" classname="com.API.CallCurrentWeatherData.CallByCityName"/>
  <testcase name="getResponseStatus" time="0.224" classname="com.API.CallCurrentWeatherData.CallByCityName"/>
  <testcase name="getResponseBody" time="0.275" classname="com.API.CallCurrentWeatherData.CallByCityName"/>
  <testcase name="getResponseStatus" time="0.236" classname="com.API.CallCurrentWeatherData.CallByCityName"/>
  <testcase name="getResponseContentType" time="0.283" classname="com.API.CallCurrentWeatherData.CallByCityName"/>
  <testcase name="getResponseStatus" time="0.221" classname="com.API.CallCurrentWeatherData.CallByCityName"/>
  <testcase name="getResponseBody" time="0.241" classname="com.API.CallCurrentWeatherData.CallByCityName"/>
  <testcase name="getResponseStatus" time="0.207" classname="com.API.CallCurrentWeatherData.CallByCityName"/>
  <testcase name="getResponseHeaders" time="0.279" classname="com.API.CallCurrentWeatherData.CallByCityName"/>
  <testcase name="getResponseStatus" time="0.235" classname="com.API.CallCurrentWeatherData.CallByCityName"/>
  <testcase name="getResponseBody" time="3.263" classname="com.API.CallCurrentWeatherData.CallByCityName"/>
  <testcase name="getResponseBody" time="0.266" classname="com.API.CallCurrentWeatherData.CallByCityName"/>
  <testcase name="getResponseStatus" time="0.336" classname="com.API.CallCurrentWeatherData.CallByCityName"/>
</testsuite> <!-- com.API.CallCurrentWeatherData.CallByCityName -->
