<?xml version="1.0" encoding="UTF-8"?>
<!-- Generated by org.testng.reporters.JUnitReportReporter -->
<testsuite hostname="HIBACL55559" name="com.API.CallCurrentWeatherData.CurrentWeatherDataForLocationByCityName" tests="35" failures="0" timestamp="15 Feb 2021 15:52:27 GMT" time="32.166" errors="0">
  <testcase name="getResponseTime" time="0.106" classname="com.API.CallCurrentWeatherData.CurrentWeatherDataForLocationByCityName"/>
  <testcase name="getResponseHeaders" time="0.227" classname="com.API.CallCurrentWeatherData.CurrentWeatherDataForLocationByCityName"/>
  <testcase name="getResponseHeaders" time="0.208" classname="com.API.CallCurrentWeatherData.CurrentWeatherDataForLocationByCityName"/>
  <testcase name="getResponseHeaders" time="0.194" classname="com.API.CallCurrentWeatherData.CurrentWeatherDataForLocationByCityName"/>
  <testcase name="getResponseBody" time="0.278" classname="com.API.CallCurrentWeatherData.CurrentWeatherDataForLocationByCityName"/>
  <testcase name="getResponseContentType" time="0.252" classname="com.API.CallCurrentWeatherData.CurrentWeatherDataForLocationByCityName"/>
  <testcase name="getResponseBody" time="0.243" classname="com.API.CallCurrentWeatherData.CurrentWeatherDataForLocationByCityName"/>
  <testcase name="getResponseBody" time="0.206" classname="com.API.CallCurrentWeatherData.CurrentWeatherDataForLocationByCityName"/>
  <testcase name="getResponseHeaders" time="0.350" classname="com.API.CallCurrentWeatherData.CurrentWeatherDataForLocationByCityName"/>
  <testcase name="getResponseHeaders" time="0.220" classname="com.API.CallCurrentWeatherData.CurrentWeatherDataForLocationByCityName"/>
  <testcase name="getResponseStatus" time="0.200" classname="com.API.CallCurrentWeatherData.CurrentWeatherDataForLocationByCityName"/>
  <testcase name="getResponseStatus" time="0.217" classname="com.API.CallCurrentWeatherData.CurrentWeatherDataForLocationByCityName"/>
  <testcase name="getResponseContentType" time="0.195" classname="com.API.CallCurrentWeatherData.CurrentWeatherDataForLocationByCityName"/>
  <testcase name="getResponseBody" time="0.214" classname="com.API.CallCurrentWeatherData.CurrentWeatherDataForLocationByCityName"/>
  <testcase name="getResponseBody" time="0.235" classname="com.API.CallCurrentWeatherData.CurrentWeatherDataForLocationByCityName"/>
  <testcase name="getResponseHeaders" time="0.222" classname="com.API.CallCurrentWeatherData.CurrentWeatherDataForLocationByCityName"/>
  <testcase name="getResponseTime" time="0.108" classname="com.API.CallCurrentWeatherData.CurrentWeatherDataForLocationByCityName"/>
  <testcase name="getResponseTime" time="0.101" classname="com.API.CallCurrentWeatherData.CurrentWeatherDataForLocationByCityName"/>
  <testcase name="getResponseStatus" time="0.224" classname="com.API.CallCurrentWeatherData.CurrentWeatherDataForLocationByCityName"/>
  <testcase name="getResponseStatus" time="0.211" classname="com.API.CallCurrentWeatherData.CurrentWeatherDataForLocationByCityName"/>
  <testcase name="getResponseHeaders" time="0.218" classname="com.API.CallCurrentWeatherData.CurrentWeatherDataForLocationByCityName"/>
  <testcase name="getResponseTime" time="0.107" classname="com.API.CallCurrentWeatherData.CurrentWeatherDataForLocationByCityName"/>
  <testcase name="getResponseBody" time="25.373" classname="com.API.CallCurrentWeatherData.CurrentWeatherDataForLocationByCityName"/>
  <testcase name="getResponseStatus" time="0.310" classname="com.API.CallCurrentWeatherData.CurrentWeatherDataForLocationByCityName"/>
  <testcase name="getResponseTime" time="0.096" classname="com.API.CallCurrentWeatherData.CurrentWeatherDataForLocationByCityName"/>
  <testcase name="getResponseContentType" time="0.208" classname="com.API.CallCurrentWeatherData.CurrentWeatherDataForLocationByCityName"/>
  <testcase name="getResponseStatus" time="0.214" classname="com.API.CallCurrentWeatherData.CurrentWeatherDataForLocationByCityName"/>
  <testcase name="getResponseContentType" time="0.214" classname="com.API.CallCurrentWeatherData.CurrentWeatherDataForLocationByCityName"/>
  <testcase name="getResponseContentType" time="0.206" classname="com.API.CallCurrentWeatherData.CurrentWeatherDataForLocationByCityName"/>
  <testcase name="getResponseContentType" time="0.186" classname="com.API.CallCurrentWeatherData.CurrentWeatherDataForLocationByCityName"/>
  <testcase name="getResponseStatus" time="0.196" classname="com.API.CallCurrentWeatherData.CurrentWeatherDataForLocationByCityName"/>
  <testcase name="getResponseBody" time="0.211" classname="com.API.CallCurrentWeatherData.CurrentWeatherDataForLocationByCityName"/>
  <testcase name="getResponseTime" time="0.101" classname="com.API.CallCurrentWeatherData.CurrentWeatherDataForLocationByCityName"/>
  <testcase name="getResponseContentType" time="0.210" classname="com.API.CallCurrentWeatherData.CurrentWeatherDataForLocationByCityName"/>
  <testcase name="getResponseTime" time="0.105" classname="com.API.CallCurrentWeatherData.CurrentWeatherDataForLocationByCityName"/>
</testsuite> <!-- com.API.CallCurrentWeatherData.CurrentWeatherDataForLocationByCityName -->
